<?xml version="1.0" encoding="UTF-8"?>
<testng-results skipped="0" failed="0" ignored="0" total="1" passed="1">
  <reporter-output>
  </reporter-output>
  <suite name="Bunnings Warehouse Test Automation Suite" duration-ms="33773" started-at="2019-10-07T02:23:08 AEDT" finished-at="2019-10-07T02:23:42 AEDT">
    <groups>
    </groups>
    <test name="Bunnings Warehous Test Case" duration-ms="33773" started-at="2019-10-07T02:23:08 AEDT" finished-at="2019-10-07T02:23:42 AEDT">
      <class name="com.tests.MyWishListPageTest">
        <test-method status="PASS" signature="setUp(java.lang.String)[pri:0, instance:com.tests.MyWishListPageTest@887af79]" name="setUp" is-config="true" duration-ms="17044" started-at="2019-10-07T02:23:08 AEDT" finished-at="2019-10-07T02:23:25 AEDT">
          <params>
            <param index="0">
              <value>
                <![CDATA[qa]]>
              </value>
            </param>
          </params>
          <reporter-output>
          </reporter-output>
        </test-method> <!-- setUp -->
        <test-method status="PASS" signature="myWishListPageTest()[pri:0, instance:com.tests.MyWishListPageTest@887af79]" name="myWishListPageTest" duration-ms="15710" started-at="2019-10-07T02:23:25 AEDT" finished-at="2019-10-07T02:23:41 AEDT">
          <reporter-output>
          </reporter-output>
        </test-method> <!-- myWishListPageTest -->
        <test-method status="PASS" signature="tearDown()[pri:0, instance:com.tests.MyWishListPageTest@887af79]" name="tearDown" is-config="true" duration-ms="979" started-at="2019-10-07T02:23:41 AEDT" finished-at="2019-10-07T02:23:42 AEDT">
          <reporter-output>
          </reporter-output>
        </test-method> <!-- tearDown -->
      </class> <!-- com.tests.MyWishListPageTest -->
    </test> <!-- Bunnings Warehous Test Case -->
  </suite> <!-- Bunnings Warehouse Test Automation Suite -->
</testng-results>
